<?xml version="1.0" encoding="UTF-8"?>
<!-- Generated by org.testng.reporters.JUnitXMLReporter -->
<testsuite hostname="Shivani-PC" ignored="0" name="Default test(failed)" tests="1" failures="1" timestamp="07 Aug 2019 14:46:43 GMT" time="49.873" errors="0">
  <testcase name="Resisterforwebsite" time="3.043" classname="test.PersonalinfoTest">
    <failure type="java.lang.IllegalArgumentException" message="Keys to send should be a not null CharSequence">
      <![CDATA[java.lang.IllegalArgumentException: Keys to send should be a not null CharSequence
at org.openqa.selenium.remote.RemoteWebElement.sendKeys(RemoteWebElement.java:97)
at org.openqa.selenium.support.pagefactory.internal.LocatingElementHandler.invoke(LocatingElementHandler.java:51)
at com.sun.proxy.$Proxy9.sendKeys(Unknown Source)
at pages.Personalinforpage.EnterFirstName(Personalinforpage.java:66)
at test.PersonalinfoTest.Resisterforwebsite(PersonalinfoTest.java:42)
... Removed 29 stack frames]]>
    </failure>
  </testcase> <!-- Resisterforwebsite -->
</testsuite> <!-- Default test(failed) -->
